<?xml version="1.0" encoding="UTF-8"?>
<!-- Generated by org.testng.reporters.JUnitXMLReporter -->
<testsuite hostname="IONDELWS770" name="Default test" tests="4" failures="0" timestamp="21 May 2021 11:00:40 GMT" time="0.024" errors="0">
  <testcase name="div" time="0.009" classname="com.qa.tests.DemoTest"/>
  <testcase name="multiply" time="0.001" classname="com.qa.tests.DemoTest"/>
  <testcase name="sub" time="0.0" classname="com.qa.tests.DemoTest"/>
  <testcase name="sum" time="0.0" classname="com.qa.tests.DemoTest"/>
</testsuite> <!-- Default test -->
